<?xml version="1.0" encoding="UTF-8"?>
<!-- Generated by org.testng.reporters.JUnitReportReporter -->
<testsuite hostname="SaiKrishna" failures="0" tests="2" name="com.framework.runners.TestRunner" time="2.144" errors="0" timestamp="2025-06-24T16:55:18 IST" skipped="0">
  <testcase classname="com.framework.runners.TestRunner" name="runScenario" time="1.803"/>
  <testcase classname="com.framework.runners.TestRunner" name="runScenario" time="0.341"/>
</testsuite> <!-- com.framework.runners.TestRunner -->
