<?xml version="1.0" encoding="UTF-8"?>
<!-- Generated by org.testng.reporters.JUnitReportReporter -->
<testsuite hostname="SaiKrishna" failures="0" tests="2" name="com.framework.runners.TestRunner" time="1.616" errors="0" timestamp="2025-06-14T18:27:51 IST" skipped="0">
  <testcase classname="com.framework.runners.TestRunner" name="runScenario" time="1.583"/>
  <testcase classname="com.framework.runners.TestRunner" name="runScenario" time="0.033"/>
</testsuite> <!-- com.framework.runners.TestRunner -->
